<?xml version="1.0" encoding="UTF-8"?>
<!-- Generated by org.testng.reporters.JUnitReportReporter -->
<testsuite skipped="0" hostname="DESKTOP-B2220QC" name="testpavk.Test1" tests="2" failures="0" timestamp="2020-10-12T21:03:34 IST" time="0.035" errors="0">
  <testcase name="test2" time="0.011" classname="testpavk.Test1"/>
  <system-out/>
  <testcase name="test" time="0.024" classname="testpavk.Test1"/>
  <system-out/>
</testsuite> <!-- testpavk.Test1 -->
